\BOOKMARK [1][-]{section.1}{\376\377\000T\000h\000e\000\040\000P\000r\000o\000b\000l\000e\000m\000:\000\040\000W\000h\000a\000t\000\040\000I\000s\000\040\000B\000e\000i\000n\000g\000\040\000S\000o\000l\000v\000e\000d\000?}{}% 1
\BOOKMARK [2][-]{subsection.1.1}{\376\377\000T\000h\000r\000e\000a\000t\000\040\000C\000o\000n\000t\000e\000x\000t}{section.1}% 2
\BOOKMARK [2][-]{subsection.1.2}{\376\377\000W\000h\000y\000\040\000E\000x\000i\000s\000t\000i\000n\000g\000\040\000A\000p\000p\000r\000o\000a\000c\000h\000e\000s\000\040\000F\000a\000i\000l}{section.1}% 3
\BOOKMARK [2][-]{subsection.1.3}{\376\377\000T\000h\000e\000\040\000S\000o\000l\000u\000t\000i\000o\000n\000\040\000P\000a\000r\000a\000d\000i\000g\000m\000:\000\040\000E\000s\000t\000i\000m\000a\000t\000e\000\040\000T\000h\000e\000n\000\040\000D\000e\000t\000e\000c\000t}{section.1}% 4
\BOOKMARK [1][-]{section.2}{\376\377\000T\000h\000e\000\040\000D\000a\000t\000a\000s\000e\000t\000:\000\040\000C\000a\000l\000t\000e\000c\000h\000\040\000A\000C\000N\000-\000D\000a\000t\000a}{}% 5
\BOOKMARK [2][-]{subsection.2.1}{\376\377\000S\000o\000u\000r\000c\000e\000\040\000a\000n\000d\000\040\000C\000o\000n\000t\000e\000n\000t}{section.2}% 6
\BOOKMARK [2][-]{subsection.2.2}{\376\377\000P\000r\000e\000p\000r\000o\000c\000e\000s\000s\000i\000n\000g\000:\000\040\000F\000r\000o\000m\000\040\000S\000e\000s\000s\000i\000o\000n\000s\000\040\000t\000o\000\040\000T\000i\000m\000e\000-\000S\000e\000r\000i\000e\000s}{section.2}% 7
\BOOKMARK [1][-]{section.3}{\376\377\000T\000h\000e\000\040\000N\000A\000R\000X\000\040\000N\000e\000u\000r\000a\000l\000\040\000N\000e\000t\000w\000o\000r\000k\000\040\040\024\000\040\000D\000e\000e\000p\000\040\000D\000i\000v\000e}{}% 8
\BOOKMARK [2][-]{subsection.3.1}{\376\377\000W\000h\000a\000t\000\040\000N\000A\000R\000X\000\040\000S\000t\000a\000n\000d\000s\000\040\000F\000o\000r}{section.3}% 9
\BOOKMARK [2][-]{subsection.3.2}{\376\377\000A\000r\000c\000h\000i\000t\000e\000c\000t\000u\000r\000e\000\040\000S\000p\000e\000c\000i\000f\000i\000c\000a\000t\000i\000o\000n}{section.3}% 10
\BOOKMARK [2][-]{subsection.3.3}{\376\377\000T\000h\000e\000\040\0001\0005\000\040\000E\000x\000o\000g\000e\000n\000o\000u\000s\000\040\000F\000e\000a\000t\000u\000r\000e\000s}{section.3}% 11
\BOOKMARK [2][-]{subsection.3.4}{\376\377\000O\000p\000e\000n\000-\000L\000o\000o\000p\000\040\000v\000s\000.\000\040\000C\000l\000o\000s\000e\000d\000-\000L\000o\000o\000p\000:\000\040\000T\000h\000e\000\040\000C\000r\000i\000t\000i\000c\000a\000l\000\040\000D\000i\000s\000t\000i\000n\000c\000t\000i\000o\000n}{section.3}% 12
\BOOKMARK [1][-]{section.4}{\376\377\000C\000o\000r\000e\000\040\000C\000o\000n\000c\000e\000p\000t\000s\000:\000\040\000N\000o\000n\000-\000L\000i\000n\000e\000a\000r\000i\000t\000y\000\040\000a\000n\000d\000\040\000M\000u\000l\000t\000i\000-\000M\000o\000d\000a\000l\000i\000t\000y}{}% 13
\BOOKMARK [2][-]{subsection.4.1}{\376\377\000N\000o\000n\000-\000L\000i\000n\000e\000a\000r\000\040\000D\000a\000t\000a\000\040\000i\000n\000\040\000E\000V\000\040\000C\000h\000a\000r\000g\000i\000n\000g}{section.4}% 14
\BOOKMARK [2][-]{subsection.4.2}{\376\377\000M\000u\000l\000t\000i\000-\000M\000o\000d\000a\000l\000\040\000D\000a\000t\000a\000\040\000i\000n\000\040\000F\000D\000I\000\040\000D\000e\000t\000e\000c\000t\000i\000o\000n}{section.4}% 15
\BOOKMARK [1][-]{section.5}{\376\377\000T\000e\000c\000h\000n\000i\000c\000a\000l\000\040\000S\000p\000e\000c\000i\000f\000i\000c\000s\000:\000\040\000W\000e\000i\000g\000h\000t\000s\000\040\000a\000n\000d\000\040\000G\000r\000a\000d\000i\000e\000n\000t\000s}{}% 16
\BOOKMARK [2][-]{subsection.5.1}{\376\377\000X\000a\000v\000i\000e\000r\000\040\000\050\000G\000l\000o\000r\000o\000t\000\051\000\040\000U\000n\000i\000f\000o\000r\000m\000\040\000I\000n\000i\000t\000i\000a\000l\000i\000z\000a\000t\000i\000o\000n}{section.5}% 17
\BOOKMARK [2][-]{subsection.5.2}{\376\377\000N\000A\000R\000X\000\040\000I\000n\000p\000u\000t\000\040\000W\000i\000n\000d\000o\000w\000\040\000C\000o\000n\000s\000t\000r\000u\000c\000t\000i\000o\000n\000\040\000\050\000d\000a\000t\000a\000s\000e\000t\000.\000p\000y\000\051}{section.5}% 18
\BOOKMARK [2][-]{subsection.5.3}{\376\377\000W\000h\000y\000\040\000N\000A\000R\000X\000\040\000f\000o\000r\000\040\000E\000V\000\040\000C\000h\000a\000r\000g\000i\000n\000g\000?}{section.5}% 19
\BOOKMARK [1][-]{section.6}{\376\377\000T\000r\000a\000i\000n\000i\000n\000g\000\040\000P\000i\000p\000e\000l\000i\000n\000e\000\040\000\050\000s\000r\000c\000/\000t\000r\000a\000i\000n\000/\000t\000r\000a\000i\000n\000.\000p\000y\000\051}{}% 20
\BOOKMARK [2][-]{subsection.6.1}{\376\377\000T\000r\000a\000i\000n\000i\000n\000g\000\040\000H\000y\000p\000e\000r\000p\000a\000r\000a\000m\000e\000t\000e\000r\000s}{section.6}% 21
\BOOKMARK [2][-]{subsection.6.2}{\376\377\000T\000r\000a\000i\000n\000i\000n\000g\000\040\000F\000l\000o\000w}{section.6}% 22
\BOOKMARK [2][-]{subsection.6.3}{\376\377\000T\000a\000r\000g\000e\000t\000\040\000B\000e\000n\000c\000h\000m\000a\000r\000k}{section.6}% 23
\BOOKMARK [1][-]{section.7}{\376\377\000E\000v\000o\000l\000u\000t\000i\000o\000n\000\040\000o\000f\000\040\000t\000h\000e\000\040\000D\000e\000t\000e\000c\000t\000i\000o\000n\000\040\000L\000a\000y\000e\000r}{}% 24
\BOOKMARK [2][-]{subsection.7.1}{\376\377\000I\000t\000e\000r\000a\000t\000i\000o\000n\000\040\0001\000:\000\040\000G\000l\000o\000b\000a\000l\000\040\000I\000Q\000R\000\040\040\024\000\040\000T\000h\000e\000\040\000P\000a\000p\000e\000r\000\040\000B\000a\000s\000e\000l\000i\000n\000e\000\040\000\050\000e\000v\000a\000l\000u\000a\000t\000e\000.\000p\000y\000\051}{section.7}% 25
\BOOKMARK [2][-]{subsection.7.2}{\376\377\000I\000t\000e\000r\000a\000t\000i\000o\000n\000\040\0002\000:\000\040\000S\000e\000s\000s\000i\000o\000n\000-\000A\000w\000a\000r\000e\000\040\000I\000Q\000R\000\040\000\050\000e\000v\000a\000l\000u\000a\000t\000e\000.\000p\000y\000\051}{section.7}% 26
\BOOKMARK [2][-]{subsection.7.3}{\376\377\000I\000t\000e\000r\000a\000t\000i\000o\000n\000\040\0003\000:\000\040\000I\000s\000o\000l\000a\000t\000i\000o\000n\000\040\000F\000o\000r\000e\000s\000t\000\040\000\050\000i\000s\000o\000l\000a\000t\000i\000o\000n\000\137\000f\000o\000r\000e\000s\000t\000.\000p\000y\000\051}{section.7}% 27
\BOOKMARK [2][-]{subsection.7.4}{\376\377\000I\000t\000e\000r\000a\000t\000i\000o\000n\000\040\0004\000\040\000\050\000F\000i\000n\000a\000l\000\051\000:\000\040\000T\000w\000o\000-\000S\000t\000a\000g\000e\000\040\000I\000F\000\040\000+\000\040\000C\000U\000S\000U\000M\000\040\000\050\000c\000u\000s\000u\000m\000\137\000i\000f\000.\000p\000y\000\051}{section.7}% 28
\BOOKMARK [1][-]{section.8}{\376\377\000C\000U\000S\000U\000M\000:\000\040\000T\000h\000e\000\040\000T\000e\000m\000p\000o\000r\000a\000l\000\040\000C\000o\000n\000f\000i\000r\000m\000a\000t\000i\000o\000n\000\040\000S\000t\000a\000g\000e}{}% 29
\BOOKMARK [2][-]{subsection.8.1}{\376\377\000W\000h\000a\000t\000\040\000C\000U\000S\000U\000M\000\040\000I\000s}{section.8}% 30
\BOOKMARK [2][-]{subsection.8.2}{\376\377\000I\000n\000t\000u\000i\000t\000i\000o\000n\000\040\000B\000e\000h\000i\000n\000d\000\040\000E\000a\000c\000h\000\040\000P\000a\000r\000a\000m\000e\000t\000e\000r}{section.8}% 31
\BOOKMARK [2][-]{subsection.8.3}{\376\377\000P\000h\000y\000s\000i\000c\000a\000l\000\040\000M\000o\000t\000i\000v\000a\000t\000i\000o\000n\000\040\000f\000o\000r\000\040\000C\000U\000S\000U\000M\000\040\000i\000n\000\040\000T\000h\000i\000s\000\040\000C\000o\000n\000t\000e\000x\000t}{section.8}% 32
\BOOKMARK [2][-]{subsection.8.4}{\376\377\000C\000U\000S\000U\000M\000\040\000P\000a\000r\000a\000m\000e\000t\000e\000r\000\040\000T\000u\000n\000i\000n\000g}{section.8}% 33
\BOOKMARK [1][-]{section.9}{\376\377\000T\000h\000e\000\040\000C\000o\000m\000p\000l\000e\000t\000e\000\040\000T\000w\000o\000-\000S\000t\000a\000g\000e\000\040\000P\000i\000p\000e\000l\000i\000n\000e}{}% 34
\BOOKMARK [2][-]{subsection.9.1}{\376\377\000O\000f\000f\000l\000i\000n\000e\000\040\000T\000r\000a\000i\000n\000i\000n\000g\000\040\000P\000h\000a\000s\000e}{section.9}% 35
\BOOKMARK [2][-]{subsection.9.2}{\376\377\000O\000n\000l\000i\000n\000e\000\040\000D\000e\000t\000e\000c\000t\000i\000o\000n\000\040\000P\000h\000a\000s\000e\000\040\000\050\000p\000e\000r\000\040\000t\000i\000m\000e\000s\000t\000a\000m\000p\000\040\000t\000\051}{section.9}% 36
\BOOKMARK [1][-]{section.10}{\376\377\000R\000e\000s\000u\000l\000t\000s\000\040\000a\000n\000d\000\040\000Q\000u\000a\000n\000t\000i\000t\000a\000t\000i\000v\000e\000\040\000C\000o\000m\000p\000a\000r\000i\000s\000o\000n}{}% 37
\BOOKMARK [2][-]{subsection.10.1}{\376\377\000M\000a\000i\000n\000\040\000F\000o\000u\000r\000-\000W\000a\000y\000\040\000C\000o\000m\000p\000a\000r\000i\000s\000o\000n\000\040\000\050\0008\0006\0008\000\040\000S\000a\000m\000p\000l\000e\000s\000\051}{section.10}% 38
\BOOKMARK [2][-]{subsection.10.2}{\376\377\000C\000U\000S\000U\000M\000\040\000P\000a\000r\000a\000m\000e\000t\000e\000r\000\040\000R\000e\000s\000u\000l\000t\000s}{section.10}% 39
\BOOKMARK [1][-]{section.11}{\376\377\000A\000b\000l\000a\000t\000i\000o\000n\000\040\000S\000t\000u\000d\000y\000:\000\040\000A\000t\000t\000a\000c\000k\000\040\000I\000n\000t\000e\000n\000s\000i\000t\000y\000\040\000S\000w\000e\000e\000p\000\040\000\050\000a\000b\000l\000a\000t\000i\000o\000n\000.\000p\000y\000\051}{}% 40
\BOOKMARK [2][-]{subsection.11.1}{\376\377\000S\000e\000t\000u\000p}{section.11}% 41
\BOOKMARK [2][-]{subsection.11.2}{\376\377\000R\000e\000s\000u\000l\000t\000s\000\040\000T\000a\000b\000l\000e}{section.11}% 42
\BOOKMARK [2][-]{subsection.11.3}{\376\377\000K\000e\000y\000\040\000A\000b\000l\000a\000t\000i\000o\000n\000\040\000F\000i\000n\000d\000i\000n\000g\000s}{section.11}% 43
\BOOKMARK [1][-]{section.12}{\376\377\000C\000o\000m\000p\000l\000e\000t\000e\000\040\000F\000i\000l\000e\000-\000b\000y\000-\000F\000i\000l\000e\000\040\000B\000r\000e\000a\000k\000d\000o\000w\000n}{}% 44
\BOOKMARK [2][-]{subsection.12.1}{\376\377\000s\000r\000c\000/\000d\000a\000t\000a\000/\000d\000o\000w\000n\000l\000o\000a\000d\000\137\000a\000c\000n\000.\000p\000y}{section.12}% 45
\BOOKMARK [2][-]{subsection.12.2}{\376\377\000s\000r\000c\000/\000d\000a\000t\000a\000/\000p\000r\000e\000p\000r\000o\000c\000e\000s\000s\000.\000p\000y}{section.12}% 46
\BOOKMARK [2][-]{subsection.12.3}{\376\377\000s\000r\000c\000/\000d\000a\000t\000a\000/\000d\000a\000t\000a\000s\000e\000t\000.\000p\000y}{section.12}% 47
\BOOKMARK [2][-]{subsection.12.4}{\376\377\000s\000r\000c\000/\000m\000o\000d\000e\000l\000s\000/\000n\000a\000r\000x\000.\000p\000y}{section.12}% 48
\BOOKMARK [2][-]{subsection.12.5}{\376\377\000s\000r\000c\000/\000t\000r\000a\000i\000n\000/\000t\000r\000a\000i\000n\000.\000p\000y}{section.12}% 49
\BOOKMARK [2][-]{subsection.12.6}{\376\377\000s\000r\000c\000/\000e\000v\000a\000l\000/\000e\000v\000a\000l\000u\000a\000t\000e\000.\000p\000y}{section.12}% 50
\BOOKMARK [2][-]{subsection.12.7}{\376\377\000s\000r\000c\000/\000e\000v\000a\000l\000/\000i\000s\000o\000l\000a\000t\000i\000o\000n\000\137\000f\000o\000r\000e\000s\000t\000.\000p\000y}{section.12}% 51
\BOOKMARK [2][-]{subsection.12.8}{\376\377\000s\000r\000c\000/\000e\000v\000a\000l\000/\000c\000u\000s\000u\000m\000\137\000i\000f\000.\000p\000y}{section.12}% 52
\BOOKMARK [2][-]{subsection.12.9}{\376\377\000s\000r\000c\000/\000e\000v\000a\000l\000/\000a\000b\000l\000a\000t\000i\000o\000n\000.\000p\000y}{section.12}% 53
\BOOKMARK [1][-]{section.13}{\376\377\000F\000r\000e\000q\000u\000e\000n\000t\000l\000y\000\040\000A\000s\000k\000e\000d\000\040\000P\000r\000o\000f\000e\000s\000s\000o\000r\000\040\000Q\000u\000e\000s\000t\000i\000o\000n\000s}{}% 54
\BOOKMARK [1][-]{section.14}{\376\377\000D\000i\000s\000c\000u\000s\000s\000i\000o\000n\000\040\000P\000o\000i\000n\000t\000s\000\040\000a\000n\000d\000\040\000L\000i\000m\000i\000t\000a\000t\000i\000o\000n\000s}{}% 55
\BOOKMARK [2][-]{subsection.14.1}{\376\377\000W\000h\000y\000\040\000R\000e\000c\000a\000l\000l\000\040\000=\000\040\0001\000.\0000\000\040\000I\000s\000\040\000t\000h\000e\000\040\000D\000e\000s\000i\000g\000n\000\040\000G\000o\000a\000l}{section.14}% 56
\BOOKMARK [2][-]{subsection.14.2}{\376\377\000L\000i\000m\000i\000t\000a\000t\000i\000o\000n\000s}{section.14}% 57
\BOOKMARK [1][-]{section.15}{\376\377\000S\000u\000m\000m\000a\000r\000y\000\040\000C\000h\000e\000a\000t\000\040\000S\000h\000e\000e\000t}{}% 58
